[35m[1mScanning dependencies of target cpp_pubsub[0m
[35m[1mScanning dependencies of target planner[0m
[  3%] [32mBuilding CXX object CMakeFiles/cpp_pubsub.dir/src/end_condition_sampler.cpp.o[0m
[  6%] [32mBuilding CXX object CMakeFiles/cpp_pubsub.dir/src/manager.cpp.o[0m
[  9%] [32mBuilding CXX object CMakeFiles/planner.dir/src/end_condition_sampler.cpp.o[0m
[ 12%] [32mBuilding CXX object CMakeFiles/planner.dir/src/manager.cpp.o[0m
[01m[K/root/planner_ws/src/cpp_pubsub/src/end_condition_sampler.cpp:[m[K In function â€˜[01m[Kstd::vector<SamplePoint> QueryPathTimeObstacleSamplePoints(const std::vector<STBoundaryPoint>&)[m[Kâ€™:
[01m[K/root/planner_ws/src/cpp_pubsub/src/end_condition_sampler.cpp:138:66:[m[K [01;35m[Kwarning: [m[Kunused parameter â€˜[01m[Kstboundarypoint[m[Kâ€™ [[01;35m[K-Wunused-parameter[m[K]
  138 | QueryPathTimeObstacleSamplePoints([01;35m[Kconst vector<STBoundaryPoint>& stboundarypoint[m[K)
      |                                   [01;35m[K~~~~~~~~~~~~~~~~~~~~~~~~~~~~~~~^~~~~~~~~~~~~~~[m[K
[01m[K/root/planner_ws/src/cpp_pubsub/src/end_condition_sampler.cpp:[m[K In function â€˜[01m[Kstd::vector<SamplePoint> QueryPathTimeObstacleSamplePoints(const std::vector<STBoundaryPoint>&)[m[Kâ€™:
[01m[K/root/planner_ws/src/cpp_pubsub/src/end_condition_sampler.cpp:138:66:[m[K [01;35m[Kwarning: [m[Kunused parameter â€˜[01m[Kstboundarypoint[m[Kâ€™ [[01;35m[K-Wunused-parameter[m[K]
  138 | QueryPathTimeObstacleSamplePoints([01;35m[Kconst vector<STBoundaryPoint>& stboundarypoint[m[K)
      |                                   [01;35m[K~~~~~~~~~~~~~~~~~~~~~~~~~~~~~~~^~~~~~~~~~~~~~~[m[K
[01m[K/root/planner_ws/src/cpp_pubsub/src/manager.cpp:[m[K In member function â€˜[01m[Kvoid Manage_Planner::planner()[m[Kâ€™:
[01m[K/root/planner_ws/src/cpp_pubsub/src/manager.cpp:200:86:[m[K [01;31m[Kerror: [m[Kâ€˜[01m[KLC_mode[m[Kâ€™ was not declared in this scope
  200 |         lon_end_conditions = endconditionsampler.SampleLonEndConditionsForLaneChange([01;31m[KLC_mode[m[K);
      |                                                                                      [01;31m[K^~~~~~~[m[K
[01m[K/root/planner_ws/src/cpp_pubsub/src/manager.cpp:[m[K In member function â€˜[01m[Kvoid Manage_Planner::planner()[m[Kâ€™:
[01m[K/root/planner_ws/src/cpp_pubsub/src/manager.cpp:200:86:[m[K [01;31m[Kerror: [m[Kâ€˜[01m[KLC_mode[m[Kâ€™ was not declared in this scope
  200 |         lon_end_conditions = endconditionsampler.SampleLonEndConditionsForLaneChange([01;31m[KLC_mode[m[K);
      |                                                                                      [01;31m[K^~~~~~~[m[K
make[2]: *** [CMakeFiles/planner.dir/build.make:89: CMakeFiles/planner.dir/src/manager.cpp.o] Error 1
make[1]: *** [CMakeFiles/Makefile2:107: CMakeFiles/planner.dir/all] Error 2
make[1]: *** Waiting for unfinished jobs....
make[2]: *** [CMakeFiles/cpp_pubsub.dir/build.make:76: CMakeFiles/cpp_pubsub.dir/src/manager.cpp.o] Error 1
make[1]: *** [CMakeFiles/Makefile2:80: CMakeFiles/cpp_pubsub.dir/all] Error 2
make: *** [Makefile:141: all] Error 2
