[0.021s] Invoking command in '/root/planner_ws/build/cpp_pubsub': CMAKE_PREFIX_PATH=${CMAKE_PREFIX_PATH}:/opt/ros/foxy /usr/bin/cmake --build /root/planner_ws/build/cpp_pubsub -- -j12 -l12
[0.054s] [35m[1mScanning dependencies of target cpp_pubsub[0m
[0.054s] [35m[1mScanning dependencies of target planner[0m
[0.071s] [  3%] [32mBuilding CXX object CMakeFiles/cpp_pubsub.dir/src/end_condition_sampler.cpp.o[0m
[0.071s] [  6%] [32mBuilding CXX object CMakeFiles/cpp_pubsub.dir/src/manager.cpp.o[0m
[0.072s] [  9%] [32mBuilding CXX object CMakeFiles/planner.dir/src/end_condition_sampler.cpp.o[0m
[0.073s] [ 12%] [32mBuilding CXX object CMakeFiles/planner.dir/src/manager.cpp.o[0m
[0.269s] [01m[K/root/planner_ws/src/cpp_pubsub/src/end_condition_sampler.cpp:[m[K In function â€˜[01m[Kstd::vector<SamplePoint> QueryPathTimeObstacleSamplePoints(const std::vector<STBoundaryPoint>&)[m[Kâ€™:
[0.269s] [01m[K/root/planner_ws/src/cpp_pubsub/src/end_condition_sampler.cpp:138:66:[m[K [01;35m[Kwarning: [m[Kunused parameter â€˜[01m[Kstboundarypoint[m[Kâ€™ [[01;35m[K-Wunused-parameter[m[K]
[0.269s]   138 | QueryPathTimeObstacleSamplePoints([01;35m[Kconst vector<STBoundaryPoint>& stboundarypoint[m[K)
[0.269s]       |                                   [01;35m[K~~~~~~~~~~~~~~~~~~~~~~~~~~~~~~~^~~~~~~~~~~~~~~[m[K
[0.280s] [01m[K/root/planner_ws/src/cpp_pubsub/src/end_condition_sampler.cpp:[m[K In function â€˜[01m[Kstd::vector<SamplePoint> QueryPathTimeObstacleSamplePoints(const std::vector<STBoundaryPoint>&)[m[Kâ€™:
[0.280s] [01m[K/root/planner_ws/src/cpp_pubsub/src/end_condition_sampler.cpp:138:66:[m[K [01;35m[Kwarning: [m[Kunused parameter â€˜[01m[Kstboundarypoint[m[Kâ€™ [[01;35m[K-Wunused-parameter[m[K]
[0.280s]   138 | QueryPathTimeObstacleSamplePoints([01;35m[Kconst vector<STBoundaryPoint>& stboundarypoint[m[K)
[0.281s]       |                                   [01;35m[K~~~~~~~~~~~~~~~~~~~~~~~~~~~~~~~^~~~~~~~~~~~~~~[m[K
[1.332s] [01m[K/root/planner_ws/src/cpp_pubsub/src/manager.cpp:[m[K In member function â€˜[01m[Kvoid Manage_Planner::planner()[m[Kâ€™:
[1.332s] [01m[K/root/planner_ws/src/cpp_pubsub/src/manager.cpp:200:86:[m[K [01;31m[Kerror: [m[Kâ€˜[01m[KLC_mode[m[Kâ€™ was not declared in this scope
[1.332s]   200 |         lon_end_conditions = endconditionsampler.SampleLonEndConditionsForLaneChange([01;31m[KLC_mode[m[K);
[1.332s]       |                                                                                      [01;31m[K^~~~~~~[m[K
[1.334s] [01m[K/root/planner_ws/src/cpp_pubsub/src/manager.cpp:[m[K In member function â€˜[01m[Kvoid Manage_Planner::planner()[m[Kâ€™:
[1.334s] [01m[K/root/planner_ws/src/cpp_pubsub/src/manager.cpp:200:86:[m[K [01;31m[Kerror: [m[Kâ€˜[01m[KLC_mode[m[Kâ€™ was not declared in this scope
[1.334s]   200 |         lon_end_conditions = endconditionsampler.SampleLonEndConditionsForLaneChange([01;31m[KLC_mode[m[K);
[1.334s]       |                                                                                      [01;31m[K^~~~~~~[m[K
[1.785s] make[2]: *** [CMakeFiles/planner.dir/build.make:89: CMakeFiles/planner.dir/src/manager.cpp.o] Error 1
[1.785s] make[1]: *** [CMakeFiles/Makefile2:107: CMakeFiles/planner.dir/all] Error 2
[1.785s] make[1]: *** Waiting for unfinished jobs....
[1.788s] make[2]: *** [CMakeFiles/cpp_pubsub.dir/build.make:76: CMakeFiles/cpp_pubsub.dir/src/manager.cpp.o] Error 1
[1.788s] make[1]: *** [CMakeFiles/Makefile2:80: CMakeFiles/cpp_pubsub.dir/all] Error 2
[1.789s] make: *** [Makefile:141: all] Error 2
[1.792s] Invoked command in '/root/planner_ws/build/cpp_pubsub' returned '2': CMAKE_PREFIX_PATH=${CMAKE_PREFIX_PATH}:/opt/ros/foxy /usr/bin/cmake --build /root/planner_ws/build/cpp_pubsub -- -j12 -l12
