[0.032s] Invoking command in '/root/planner_ws/build/cpp_pubsub': CMAKE_PREFIX_PATH=${CMAKE_PREFIX_PATH}:/opt/ros/foxy /usr/bin/cmake --build /root/planner_ws/build/cpp_pubsub -- -j12 -l12
[0.081s] [35m[1mScanning dependencies of target cpp_pubsub[0m
[0.081s] [35m[1mScanning dependencies of target planner[0m
[0.108s] [  3%] [32mBuilding CXX object CMakeFiles/cpp_pubsub.dir/src/end_condition_sampler.cpp.o[0m
[0.112s] [  6%] [32mBuilding CXX object CMakeFiles/planner.dir/src/end_condition_sampler.cpp.o[0m
[0.391s] [01m[K/root/planner_ws/src/cpp_pubsub/src/end_condition_sampler.cpp:[m[K In member function â€˜[01m[Kstd::vector<std::pair<std::vector<double>, double> > EndConditionSampler::SampleLonEndConditionsForLaneChange(const std::vector<STBoundaryPoint>&) const[m[Kâ€™:
[0.391s] [01m[K/root/planner_ws/src/cpp_pubsub/src/end_condition_sampler.cpp:117:90:[m[K [01;31m[Kerror: [m[Kpassing â€˜[01m[Kconst EndConditionSampler[m[Kâ€™ as â€˜[01m[Kthis[m[Kâ€™ argument discards qualifiers [[01;31m[K-fpermissive[m[K]
[0.391s]   117 |     vector<SamplePoint> sample_points = QueryPathTimeObstacleSamplePoints(stboundarypoint[01;31m[K)[m[K;
[0.391s]       |                                                                                          [01;31m[K^[m[K
[0.391s] In file included from [01m[K/root/planner_ws/src/cpp_pubsub/src/end_condition_sampler.cpp:1[m[K:
[0.391s] [01m[K/root/planner_ws/src/cpp_pubsub/include/end_condition_sampler.hpp:45:5:[m[K [01;36m[Knote: [m[K  in call to â€˜[01m[Kstd::vector<SamplePoint> EndConditionSampler::QueryPathTimeObstacleSamplePoints(const std::vector<STBoundaryPoint>&)[m[Kâ€™
[0.391s]    45 |     [01;36m[KQueryPathTimeObstacleSamplePoints[m[K(const vector<STBoundaryPoint> &stboundarypoint);
[0.391s]       |     [01;36m[K^~~~~~~~~~~~~~~~~~~~~~~~~~~~~~~~~[m[K
[0.393s] [01m[K/root/planner_ws/src/cpp_pubsub/src/end_condition_sampler.cpp:[m[K In member function â€˜[01m[Kstd::vector<std::pair<std::vector<double>, double> > EndConditionSampler::SampleLonEndConditionsForLaneChange(const std::vector<STBoundaryPoint>&) const[m[Kâ€™:
[0.393s] [01m[K/root/planner_ws/src/cpp_pubsub/src/end_condition_sampler.cpp:117:90:[m[K [01;31m[Kerror: [m[Kpassing â€˜[01m[Kconst EndConditionSampler[m[Kâ€™ as â€˜[01m[Kthis[m[Kâ€™ argument discards qualifiers [[01;31m[K-fpermissive[m[K]
[0.393s]   117 |     vector<SamplePoint> sample_points = QueryPathTimeObstacleSamplePoints(stboundarypoint[01;31m[K)[m[K;
[0.393s]       |                                                                                          [01;31m[K^[m[K
[0.393s] In file included from [01m[K/root/planner_ws/src/cpp_pubsub/src/end_condition_sampler.cpp:1[m[K:
[0.393s] [01m[K/root/planner_ws/src/cpp_pubsub/include/end_condition_sampler.hpp:45:5:[m[K [01;36m[Knote: [m[K  in call to â€˜[01m[Kstd::vector<SamplePoint> EndConditionSampler::QueryPathTimeObstacleSamplePoints(const std::vector<STBoundaryPoint>&)[m[Kâ€™
[0.393s]    45 |     [01;36m[KQueryPathTimeObstacleSamplePoints[m[K(const vector<STBoundaryPoint> &stboundarypoint);
[0.393s]       |     [01;36m[K^~~~~~~~~~~~~~~~~~~~~~~~~~~~~~~~~[m[K
[0.481s] make[2]: *** [CMakeFiles/cpp_pubsub.dir/build.make:206: CMakeFiles/cpp_pubsub.dir/src/end_condition_sampler.cpp.o] Error 1
[0.481s] make[1]: *** [CMakeFiles/Makefile2:80: CMakeFiles/cpp_pubsub.dir/all] Error 2
[0.481s] make[1]: *** Waiting for unfinished jobs....
[0.481s] make[2]: *** [CMakeFiles/planner.dir/build.make:219: CMakeFiles/planner.dir/src/end_condition_sampler.cpp.o] Error 1
[0.482s] make[1]: *** [CMakeFiles/Makefile2:107: CMakeFiles/planner.dir/all] Error 2
[0.482s] make: *** [Makefile:141: all] Error 2
[0.485s] Invoked command in '/root/planner_ws/build/cpp_pubsub' returned '2': CMAKE_PREFIX_PATH=${CMAKE_PREFIX_PATH}:/opt/ros/foxy /usr/bin/cmake --build /root/planner_ws/build/cpp_pubsub -- -j12 -l12
