[0.021s] Invoking command in '/root/planner_ws/build/cpp_pubsub': CMAKE_PREFIX_PATH=${CMAKE_PREFIX_PATH}:/opt/ros/foxy /usr/bin/cmake --build /root/planner_ws/build/cpp_pubsub -- -j12 -l12
[0.058s] [35m[1mScanning dependencies of target cpp_pubsub[0m
[0.058s] [35m[1mScanning dependencies of target planner[0m
[0.092s] [  6%] [32mBuilding CXX object CMakeFiles/cpp_pubsub.dir/src/end_condition_sampler.cpp.o[0m
[0.092s] [  6%] [32mBuilding CXX object CMakeFiles/cpp_pubsub.dir/src/manager.cpp.o[0m
[0.096s] [ 16%] [32mBuilding CXX object CMakeFiles/planner.dir/src/manager.cpp.o[0m
[0.097s] [ 16%] [32mBuilding CXX object CMakeFiles/planner.dir/src/publisher.cpp.o[0m
[0.097s] [ 16%] [32mBuilding CXX object CMakeFiles/planner.dir/src/end_condition_sampler.cpp.o[0m
[0.422s] [01m[K/root/planner_ws/src/cpp_pubsub/src/end_condition_sampler.cpp:[m[K In function â€˜[01m[Kstd::vector<SamplePoint> QueryPathTimeObstacleSamplePoints(const std::vector<STBoundaryPoint>&, double)[m[Kâ€™:
[0.422s] [01m[K/root/planner_ws/src/cpp_pubsub/src/end_condition_sampler.cpp:163:38:[m[K [01;31m[Kerror: [m[Kpassing â€˜[01m[Kconst std::vector<STBoundaryPoint>[m[Kâ€™ as â€˜[01m[Kthis[m[Kâ€™ argument discards qualifiers [[01;31m[K-fpermissive[m[K]
[0.423s]   163 |             stboundarypoint.pop_back([01;31m[K)[m[K;
[0.423s]       |                                      [01;31m[K^[m[K
[0.423s] In file included from [01m[K/usr/include/c++/9/vector:67[m[K,
[0.423s]                  from [01m[K/root/planner_ws/src/cpp_pubsub/include/end_condition_sampler.hpp:4[m[K,
[0.423s]                  from [01m[K/root/planner_ws/src/cpp_pubsub/src/end_condition_sampler.cpp:1[m[K:
[0.423s] [01m[K/usr/include/c++/9/bits/stl_vector.h:1222:7:[m[K [01;36m[Knote: [m[K  in call to â€˜[01m[Kvoid std::vector<_Tp, _Alloc>::pop_back() [with _Tp = STBoundaryPoint; _Alloc = std::allocator<STBoundaryPoint>][m[Kâ€™
[0.423s]  1222 |       [01;36m[Kpop_back[m[K() _GLIBCXX_NOEXCEPT
[0.424s]       |       [01;36m[K^~~~~~~~[m[K
[0.424s] [01m[K/root/planner_ws/src/cpp_pubsub/src/end_condition_sampler.cpp:[m[K In function â€˜[01m[Kstd::vector<SamplePoint> QueryPathTimeObstacleSamplePoints(const std::vector<STBoundaryPoint>&, double)[m[Kâ€™:
[0.424s] [01m[K/root/planner_ws/src/cpp_pubsub/src/end_condition_sampler.cpp:163:38:[m[K [01;31m[Kerror: [m[Kpassing â€˜[01m[Kconst std::vector<STBoundaryPoint>[m[Kâ€™ as â€˜[01m[Kthis[m[Kâ€™ argument discards qualifiers [[01;31m[K-fpermissive[m[K]
[0.424s]   163 |             stboundarypoint.pop_back([01;31m[K)[m[K;
[0.424s]       |                                      [01;31m[K^[m[K
[0.424s] In file included from [01m[K/usr/include/c++/9/vector:67[m[K,
[0.424s]                  from [01m[K/root/planner_ws/src/cpp_pubsub/include/end_condition_sampler.hpp:4[m[K,
[0.424s]                  from [01m[K/root/planner_ws/src/cpp_pubsub/src/end_condition_sampler.cpp:1[m[K:
[0.424s] [01m[K/usr/include/c++/9/bits/stl_vector.h:1222:7:[m[K [01;36m[Knote: [m[K  in call to â€˜[01m[Kvoid std::vector<_Tp, _Alloc>::pop_back() [with _Tp = STBoundaryPoint; _Alloc = std::allocator<STBoundaryPoint>][m[Kâ€™
[0.424s]  1222 |       [01;36m[Kpop_back[m[K() _GLIBCXX_NOEXCEPT
[0.424s]       |       [01;36m[K^~~~~~~~[m[K
[0.499s] make[2]: *** [CMakeFiles/cpp_pubsub.dir/build.make:206: CMakeFiles/cpp_pubsub.dir/src/end_condition_sampler.cpp.o] Error 1
[0.499s] make[2]: *** Waiting for unfinished jobs....
[0.502s] make[2]: *** [CMakeFiles/planner.dir/build.make:219: CMakeFiles/planner.dir/src/end_condition_sampler.cpp.o] Error 1
[0.502s] make[2]: *** Waiting for unfinished jobs....
[2.363s] make[1]: *** [CMakeFiles/Makefile2:80: CMakeFiles/cpp_pubsub.dir/all] Error 2
[2.363s] make[1]: *** Waiting for unfinished jobs....
[3.861s] make[1]: *** [CMakeFiles/Makefile2:107: CMakeFiles/planner.dir/all] Error 2
[3.861s] make: *** [Makefile:141: all] Error 2
[3.864s] Invoked command in '/root/planner_ws/build/cpp_pubsub' returned '2': CMAKE_PREFIX_PATH=${CMAKE_PREFIX_PATH}:/opt/ros/foxy /usr/bin/cmake --build /root/planner_ws/build/cpp_pubsub -- -j12 -l12
