-- Found ament_cmake_auto: 0.9.11 (/opt/ros/foxy/share/ament_cmake_auto/cmake)
-- Using PYTHON_EXECUTABLE: /usr/bin/python3
-- Using all available rosidl_typesupport_c: rosidl_typesupport_fastrtps_c;rosidl_typesupport_introspection_c
-- Found rosidl_adapter: 1.3.0 (/opt/ros/foxy/share/rosidl_adapter/cmake)
-- Using all available rosidl_typesupport_cpp: rosidl_typesupport_fastrtps_cpp;rosidl_typesupport_introspection_cpp
-- Found rmw_implementation_cmake: 1.0.4 (/opt/ros/foxy/share/rmw_implementation_cmake/cmake)
-- Using RMW implementation 'rmw_fastrtps_cpp' as default
-- Configuring done
-- Generating done
-- Build files have been written to: /root/planner_ws/build/cpp_pubsub
[35m[1mScanning dependencies of target cpp_pubsub[0m
[35m[1mScanning dependencies of target planner[0m
[  9%] [32mBuilding CXX object CMakeFiles/cpp_pubsub.dir/src/obstacle.cpp.o[0m
[  9%] [32mBuilding CXX object CMakeFiles/cpp_pubsub.dir/src/end_condition_sampler.cpp.o[0m
[  9%] [32mBuilding CXX object CMakeFiles/cpp_pubsub.dir/src/manager.cpp.o[0m
[ 12%] [32mBuilding CXX object CMakeFiles/cpp_pubsub.dir/src/path_time_graph.cpp.o[0m
[ 22%] [32mBuilding CXX object CMakeFiles/planner.dir/src/publisher.cpp.o[0m
[ 22%] [32mBuilding CXX object CMakeFiles/planner.dir/src/manager.cpp.o[0m
[ 22%] [32mBuilding CXX object CMakeFiles/planner.dir/src/obstacle.cpp.o[0m
[ 25%] [32mBuilding CXX object CMakeFiles/planner.dir/src/end_condition_sampler.cpp.o[0m
[ 29%] [32mBuilding CXX object CMakeFiles/planner.dir/src/path_time_graph.cpp.o[0m
In file included from [01m[K/root/planner_ws/src/cpp_pubsub/src/path_time_graph.cpp:1[m[K:
[01m[K/root/planner_ws/src/cpp_pubsub/include/path_time_graph.hpp:11:15:[m[K [01;31m[Kerror: [m[Kâ€˜[01m[Kvector[m[Kâ€™ has not been declared
   11 |     void Init([01;31m[Kvector[m[K<vector<double>>& obstacle );
      |               [01;31m[K^~~~~~[m[K
[01m[K/root/planner_ws/src/cpp_pubsub/include/path_time_graph.hpp:11:21:[m[K [01;31m[Kerror: [m[Kexpected â€˜[01m[K,[m[Kâ€™ or â€˜[01m[K...[m[Kâ€™ before â€˜[01m[K<[m[Kâ€™ token
   11 |     void Init(vector[01;31m[K<[m[Kvector<double>>& obstacle );
      |                     [01;31m[K^[m[K
[01m[K/root/planner_ws/src/cpp_pubsub/include/path_time_graph.hpp:14:5:[m[K [01;31m[Kerror: [m[Kâ€˜[01m[Kvector[m[Kâ€™ does not name a type
   14 |     [01;31m[Kvector[m[K<PathPoint> referenceline_points_;
      |     [01;31m[K^~~~~~[m[K
make[2]: *** [CMakeFiles/cpp_pubsub.dir/build.make:232: CMakeFiles/cpp_pubsub.dir/src/path_time_graph.cpp.o] Error 1
make[2]: *** Waiting for unfinished jobs....
In file included from [01m[K/root/planner_ws/src/cpp_pubsub/src/path_time_graph.cpp:1[m[K:
[01m[K/root/planner_ws/src/cpp_pubsub/include/path_time_graph.hpp:11:15:[m[K [01;31m[Kerror: [m[Kâ€˜[01m[Kvector[m[Kâ€™ has not been declared
   11 |     void Init([01;31m[Kvector[m[K<vector<double>>& obstacle );
      |               [01;31m[K^~~~~~[m[K
[01m[K/root/planner_ws/src/cpp_pubsub/include/path_time_graph.hpp:11:21:[m[K [01;31m[Kerror: [m[Kexpected â€˜[01m[K,[m[Kâ€™ or â€˜[01m[K...[m[Kâ€™ before â€˜[01m[K<[m[Kâ€™ token
   11 |     void Init(vector[01;31m[K<[m[Kvector<double>>& obstacle );
      |                     [01;31m[K^[m[K
[01m[K/root/planner_ws/src/cpp_pubsub/include/path_time_graph.hpp:14:5:[m[K [01;31m[Kerror: [m[Kâ€˜[01m[Kvector[m[Kâ€™ does not name a type
   14 |     [01;31m[Kvector[m[K<PathPoint> referenceline_points_;
      |     [01;31m[K^~~~~~[m[K
make[2]: *** [CMakeFiles/planner.dir/build.make:245: CMakeFiles/planner.dir/src/path_time_graph.cpp.o] Error 1
make[2]: *** Waiting for unfinished jobs....
In file included from [01m[K/root/planner_ws/src/cpp_pubsub/src/end_condition_sampler.cpp:1[m[K:
[01m[K/root/planner_ws/src/cpp_pubsub/include/end_condition_sampler.hpp:[m[K In member function â€˜[01m[Kvoid EndConditionSampler::Init(const std::array<double, 3>&, const std::array<double, 3>&)[m[Kâ€™:
[01m[K/root/planner_ws/src/cpp_pubsub/include/end_condition_sampler.hpp:27:28:[m[K [01;31m[Kerror: [m[Kno matching function for call to â€˜[01m[KPathTimeGraph::Init()[m[Kâ€™
   27 |         pathtimegraph.Init([01;31m[K)[m[K;
      |                            [01;31m[K^[m[K
In file included from [01m[K/root/planner_ws/src/cpp_pubsub/include/end_condition_sampler.hpp:8[m[K,
                 from [01m[K/root/planner_ws/src/cpp_pubsub/src/end_condition_sampler.cpp:1[m[K:
[01m[K/root/planner_ws/src/cpp_pubsub/include/path_time_graph.hpp:11:10:[m[K [01;36m[Knote: [m[Kcandidate: â€˜[01m[Kvoid PathTimeGraph::Init(std::vector<std::vector<double> >&)[m[Kâ€™
   11 |     void [01;36m[KInit[m[K(vector<vector<double>>& obstacle );
      |          [01;36m[K^~~~[m[K
[01m[K/root/planner_ws/src/cpp_pubsub/include/path_time_graph.hpp:11:10:[m[K [01;36m[Knote: [m[K  candidate expects 1 argument, 0 provided
In file included from [01m[K/root/planner_ws/src/cpp_pubsub/src/end_condition_sampler.cpp:1[m[K:
[01m[K/root/planner_ws/src/cpp_pubsub/include/end_condition_sampler.hpp:[m[K In member function â€˜[01m[Kvoid EndConditionSampler::Init(const std::array<double, 3>&, const std::array<double, 3>&)[m[Kâ€™:
[01m[K/root/planner_ws/src/cpp_pubsub/include/end_condition_sampler.hpp:27:28:[m[K [01;31m[Kerror: [m[Kno matching function for call to â€˜[01m[KPathTimeGraph::Init()[m[Kâ€™
   27 |         pathtimegraph.Init([01;31m[K)[m[K;
      |                            [01;31m[K^[m[K
In file included from [01m[K/root/planner_ws/src/cpp_pubsub/include/end_condition_sampler.hpp:8[m[K,
                 from [01m[K/root/planner_ws/src/cpp_pubsub/src/end_condition_sampler.cpp:1[m[K:
[01m[K/root/planner_ws/src/cpp_pubsub/include/path_time_graph.hpp:11:10:[m[K [01;36m[Knote: [m[Kcandidate: â€˜[01m[Kvoid PathTimeGraph::Init(std::vector<std::vector<double> >&)[m[Kâ€™
   11 |     void [01;36m[KInit[m[K(vector<vector<double>>& obstacle );
      |          [01;36m[K^~~~[m[K
[01m[K/root/planner_ws/src/cpp_pubsub/include/path_time_graph.hpp:11:10:[m[K [01;36m[Knote: [m[K  candidate expects 1 argument, 0 provided
[01m[K/root/planner_ws/src/cpp_pubsub/src/end_condition_sampler.cpp:[m[K In member function â€˜[01m[Kstd::vector<std::pair<std::vector<double>, double> > EndConditionSampler::SampleLonEndConditionsForLaneChange(int) const[m[Kâ€™:
[01m[K/root/planner_ws/src/cpp_pubsub/src/end_condition_sampler.cpp:115:41:[m[K [01;31m[Kerror: [m[Kâ€˜[01m[KQueryPathTimeObstacleSamplePoints[m[Kâ€™ was not declared in this scope
  115 |     vector<SamplePoint> sample_points = [01;31m[KQueryPathTimeObstacleSamplePoints[m[K();
      |                                         [01;31m[K^~~~~~~~~~~~~~~~~~~~~~~~~~~~~~~~~[m[K
[01m[K/root/planner_ws/src/cpp_pubsub/src/end_condition_sampler.cpp:[m[K In member function â€˜[01m[Kstd::vector<std::pair<std::vector<double>, double> > EndConditionSampler::SampleLonEndConditionsForLaneChange(int) const[m[Kâ€™:
[01m[K/root/planner_ws/src/cpp_pubsub/src/end_condition_sampler.cpp:115:41:[m[K [01;31m[Kerror: [m[Kâ€˜[01m[KQueryPathTimeObstacleSamplePoints[m[Kâ€™ was not declared in this scope
  115 |     vector<SamplePoint> sample_points = [01;31m[KQueryPathTimeObstacleSamplePoints[m[K();
      |                                         [01;31m[K^~~~~~~~~~~~~~~~~~~~~~~~~~~~~~~~~[m[K
[01m[K/root/planner_ws/src/cpp_pubsub/src/end_condition_sampler.cpp:112:68:[m[K [01;35m[Kwarning: [m[Kunused parameter â€˜[01m[KLC_mode[m[Kâ€™ [[01;35m[K-Wunused-parameter[m[K]
  112 | EndConditionSampler::SampleLonEndConditionsForLaneChange([01;35m[Kconst int LC_mode[m[K) const
      |                                                          [01;35m[K~~~~~~~~~~^~~~~~~[m[K
[01m[K/root/planner_ws/src/cpp_pubsub/src/end_condition_sampler.cpp:[m[K At global scope:
[01m[K/root/planner_ws/src/cpp_pubsub/src/end_condition_sampler.cpp:136:1:[m[K [01;31m[Kerror: [m[Kno declaration matches â€˜[01m[Kstd::vector<SamplePoint> EndConditionSampler::QueryPathTimeObstacleSamplePoints() const[m[Kâ€™
  136 | [01;31m[KEndConditionSampler[m[K::QueryPathTimeObstacleSamplePoints() const
      | [01;31m[K^~~~~~~~~~~~~~~~~~~[m[K
[01m[K/root/planner_ws/src/cpp_pubsub/src/end_condition_sampler.cpp:136:1:[m[K [01;36m[Knote: [m[Kno functions named â€˜[01m[Kstd::vector<SamplePoint> EndConditionSampler::QueryPathTimeObstacleSamplePoints() const[m[Kâ€™
In file included from [01m[K/root/planner_ws/src/cpp_pubsub/src/end_condition_sampler.cpp:1[m[K:
[01m[K/root/planner_ws/src/cpp_pubsub/include/end_condition_sampler.hpp:14:7:[m[K [01;36m[Knote: [m[Kâ€˜[01m[Kclass EndConditionSampler[m[Kâ€™ defined here
   14 | class [01;36m[KEndConditionSampler[m[K
      |       [01;36m[K^~~~~~~~~~~~~~~~~~~[m[K
[01m[K/root/planner_ws/src/cpp_pubsub/src/end_condition_sampler.cpp:112:68:[m[K [01;35m[Kwarning: [m[Kunused parameter â€˜[01m[KLC_mode[m[Kâ€™ [[01;35m[K-Wunused-parameter[m[K]
  112 | EndConditionSampler::SampleLonEndConditionsForLaneChange([01;35m[Kconst int LC_mode[m[K) const
      |                                                          [01;35m[K~~~~~~~~~~^~~~~~~[m[K
[01m[K/root/planner_ws/src/cpp_pubsub/src/end_condition_sampler.cpp:[m[K At global scope:
[01m[K/root/planner_ws/src/cpp_pubsub/src/end_condition_sampler.cpp:136:1:[m[K [01;31m[Kerror: [m[Kno declaration matches â€˜[01m[Kstd::vector<SamplePoint> EndConditionSampler::QueryPathTimeObstacleSamplePoints() const[m[Kâ€™
  136 | [01;31m[KEndConditionSampler[m[K::QueryPathTimeObstacleSamplePoints() const
      | [01;31m[K^~~~~~~~~~~~~~~~~~~[m[K
[01m[K/root/planner_ws/src/cpp_pubsub/src/end_condition_sampler.cpp:136:1:[m[K [01;36m[Knote: [m[Kno functions named â€˜[01m[Kstd::vector<SamplePoint> EndConditionSampler::QueryPathTimeObstacleSamplePoints() const[m[Kâ€™
In file included from [01m[K/root/planner_ws/src/cpp_pubsub/src/end_condition_sampler.cpp:1[m[K:
[01m[K/root/planner_ws/src/cpp_pubsub/include/end_condition_sampler.hpp:14:7:[m[K [01;36m[Knote: [m[Kâ€˜[01m[Kclass EndConditionSampler[m[Kâ€™ defined here
   14 | class [01;36m[KEndConditionSampler[m[K
      |       [01;36m[K^~~~~~~~~~~~~~~~~~~[m[K
make[2]: *** [CMakeFiles/planner.dir/build.make:219: CMakeFiles/planner.dir/src/end_condition_sampler.cpp.o] Error 1
make[2]: *** [CMakeFiles/cpp_pubsub.dir/build.make:206: CMakeFiles/cpp_pubsub.dir/src/end_condition_sampler.cpp.o] Error 1
In file included from [01m[K/root/planner_ws/src/cpp_pubsub/include/manager.hpp:24[m[K,
                 from [01m[K/root/planner_ws/src/cpp_pubsub/src/publisher.cpp:10[m[K:
[01m[K/root/planner_ws/src/cpp_pubsub/include/end_condition_sampler.hpp:[m[K In member function â€˜[01m[Kvoid EndConditionSampler::Init(const std::array<double, 3>&, const std::array<double, 3>&)[m[Kâ€™:
[01m[K/root/planner_ws/src/cpp_pubsub/include/end_condition_sampler.hpp:27:28:[m[K [01;31m[Kerror: [m[Kno matching function for call to â€˜[01m[KPathTimeGraph::Init()[m[Kâ€™
   27 |         pathtimegraph.Init([01;31m[K)[m[K;
      |                            [01;31m[K^[m[K
In file included from [01m[K/root/planner_ws/src/cpp_pubsub/include/end_condition_sampler.hpp:8[m[K,
                 from [01m[K/root/planner_ws/src/cpp_pubsub/include/manager.hpp:24[m[K,
                 from [01m[K/root/planner_ws/src/cpp_pubsub/src/publisher.cpp:10[m[K:
[01m[K/root/planner_ws/src/cpp_pubsub/include/path_time_graph.hpp:11:10:[m[K [01;36m[Knote: [m[Kcandidate: â€˜[01m[Kvoid PathTimeGraph::Init(std::vector<std::vector<double, std::allocator<double> > >&)[m[Kâ€™
   11 |     void [01;36m[KInit[m[K(vector<vector<double>>& obstacle );
      |          [01;36m[K^~~~[m[K
[01m[K/root/planner_ws/src/cpp_pubsub/include/path_time_graph.hpp:11:10:[m[K [01;36m[Knote: [m[K  candidate expects 1 argument, 0 provided
In file included from [01m[K/root/planner_ws/src/cpp_pubsub/include/manager.hpp:24[m[K,
                 from [01m[K/root/planner_ws/src/cpp_pubsub/src/manager.cpp:1[m[K:
[01m[K/root/planner_ws/src/cpp_pubsub/include/end_condition_sampler.hpp:[m[K In member function â€˜[01m[Kvoid EndConditionSampler::Init(const std::array<double, 3>&, const std::array<double, 3>&)[m[Kâ€™:
[01m[K/root/planner_ws/src/cpp_pubsub/include/end_condition_sampler.hpp:27:28:[m[K [01;31m[Kerror: [m[Kno matching function for call to â€˜[01m[KPathTimeGraph::Init()[m[Kâ€™
   27 |         pathtimegraph.Init([01;31m[K)[m[K;
      |                            [01;31m[K^[m[K
In file included from [01m[K/root/planner_ws/src/cpp_pubsub/include/end_condition_sampler.hpp:8[m[K,
                 from [01m[K/root/planner_ws/src/cpp_pubsub/include/manager.hpp:24[m[K,
                 from [01m[K/root/planner_ws/src/cpp_pubsub/src/manager.cpp:1[m[K:
[01m[K/root/planner_ws/src/cpp_pubsub/include/path_time_graph.hpp:11:10:[m[K [01;36m[Knote: [m[Kcandidate: â€˜[01m[Kvoid PathTimeGraph::Init(std::vector<std::vector<double, std::allocator<double> > >&)[m[Kâ€™
   11 |     void [01;36m[KInit[m[K(vector<vector<double>>& obstacle );
      |          [01;36m[K^~~~[m[K
[01m[K/root/planner_ws/src/cpp_pubsub/include/path_time_graph.hpp:11:10:[m[K [01;36m[Knote: [m[K  candidate expects 1 argument, 0 provided
In file included from [01m[K/root/planner_ws/src/cpp_pubsub/include/manager.hpp:24[m[K,
                 from [01m[K/root/planner_ws/src/cpp_pubsub/src/manager.cpp:1[m[K:
[01m[K/root/planner_ws/src/cpp_pubsub/include/end_condition_sampler.hpp:[m[K In member function â€˜[01m[Kvoid EndConditionSampler::Init(const std::array<double, 3>&, const std::array<double, 3>&)[m[Kâ€™:
[01m[K/root/planner_ws/src/cpp_pubsub/include/end_condition_sampler.hpp:27:28:[m[K [01;31m[Kerror: [m[Kno matching function for call to â€˜[01m[KPathTimeGraph::Init()[m[Kâ€™
   27 |         pathtimegraph.Init([01;31m[K)[m[K;
      |                            [01;31m[K^[m[K
In file included from [01m[K/root/planner_ws/src/cpp_pubsub/include/end_condition_sampler.hpp:8[m[K,
                 from [01m[K/root/planner_ws/src/cpp_pubsub/include/manager.hpp:24[m[K,
                 from [01m[K/root/planner_ws/src/cpp_pubsub/src/manager.cpp:1[m[K:
[01m[K/root/planner_ws/src/cpp_pubsub/include/path_time_graph.hpp:11:10:[m[K [01;36m[Knote: [m[Kcandidate: â€˜[01m[Kvoid PathTimeGraph::Init(std::vector<std::vector<double, std::allocator<double> > >&)[m[Kâ€™
   11 |     void [01;36m[KInit[m[K(vector<vector<double>>& obstacle );
      |          [01;36m[K^~~~[m[K
[01m[K/root/planner_ws/src/cpp_pubsub/include/path_time_graph.hpp:11:10:[m[K [01;36m[Knote: [m[K  candidate expects 1 argument, 0 provided
make[2]: *** [CMakeFiles/planner.dir/build.make:89: CMakeFiles/planner.dir/src/manager.cpp.o] Error 1
make[2]: *** [CMakeFiles/cpp_pubsub.dir/build.make:76: CMakeFiles/cpp_pubsub.dir/src/manager.cpp.o] Error 1
make[1]: *** [CMakeFiles/Makefile2:80: CMakeFiles/cpp_pubsub.dir/all] Error 2
make[1]: *** Waiting for unfinished jobs....
make[2]: *** [CMakeFiles/planner.dir/build.make:63: CMakeFiles/planner.dir/src/publisher.cpp.o] Error 1
make[1]: *** [CMakeFiles/Makefile2:107: CMakeFiles/planner.dir/all] Error 2
make: *** [Makefile:141: all] Error 2
