[0.020s] Invoking command in '/root/planner_ws/build/cpp_pubsub': CMAKE_PREFIX_PATH=${CMAKE_PREFIX_PATH}:/opt/ros/foxy /usr/bin/cmake --build /root/planner_ws/build/cpp_pubsub -- -j12 -l12
[0.067s] [  3%] [32mBuilding CXX object CMakeFiles/cpp_pubsub.dir/src/manager.cpp.o[0m
[0.068s] [  6%] [32mBuilding CXX object CMakeFiles/planner.dir/src/manager.cpp.o[0m
[1.327s] [01m[K/root/planner_ws/src/cpp_pubsub/src/manager.cpp:[m[K In member function â€˜[01m[Kvoid Manage_Planner::planner()[m[Kâ€™:
[1.327s] [01m[K/root/planner_ws/src/cpp_pubsub/src/manager.cpp:114:31:[m[K [01;31m[Kerror: [m[Kâ€˜[01m[Kclass Obstacle[m[Kâ€™ has no member named â€˜[01m[Kget_obs[m[Kâ€™
[1.327s]   114 |     obs_static_gcs = obstacle.[01;31m[Kget_obs[m[K();
[1.327s]       |                               [01;31m[K^~~~~~~[m[K
[1.333s] [01m[K/root/planner_ws/src/cpp_pubsub/src/manager.cpp:[m[K In member function â€˜[01m[Kvoid Manage_Planner::planner()[m[Kâ€™:
[1.333s] [01m[K/root/planner_ws/src/cpp_pubsub/src/manager.cpp:114:31:[m[K [01;31m[Kerror: [m[Kâ€˜[01m[Kclass Obstacle[m[Kâ€™ has no member named â€˜[01m[Kget_obs[m[Kâ€™
[1.333s]   114 |     obs_static_gcs = obstacle.[01;31m[Kget_obs[m[K();
[1.333s]       |                               [01;31m[K^~~~~~~[m[K
[1.760s] make[2]: *** [CMakeFiles/cpp_pubsub.dir/build.make:76: CMakeFiles/cpp_pubsub.dir/src/manager.cpp.o] Error 1
[1.760s] make[1]: *** [CMakeFiles/Makefile2:80: CMakeFiles/cpp_pubsub.dir/all] Error 2
[1.760s] make[1]: *** Waiting for unfinished jobs....
[1.762s] make[2]: *** [CMakeFiles/planner.dir/build.make:89: CMakeFiles/planner.dir/src/manager.cpp.o] Error 1
[1.763s] make[1]: *** [CMakeFiles/Makefile2:107: CMakeFiles/planner.dir/all] Error 2
[1.763s] make: *** [Makefile:141: all] Error 2
[1.765s] Invoked command in '/root/planner_ws/build/cpp_pubsub' returned '2': CMAKE_PREFIX_PATH=${CMAKE_PREFIX_PATH}:/opt/ros/foxy /usr/bin/cmake --build /root/planner_ws/build/cpp_pubsub -- -j12 -l12
