[0.024s] Invoking command in '/root/planner_ws/build/cpp_pubsub': CMAKE_PREFIX_PATH=${CMAKE_PREFIX_PATH}:/opt/ros/foxy /usr/bin/cmake --build /root/planner_ws/build/cpp_pubsub -- -j12 -l12
[0.059s] [35m[1mScanning dependencies of target cpp_pubsub[0m
[0.060s] [35m[1mScanning dependencies of target planner[0m
[0.094s] [  3%] [32mBuilding CXX object CMakeFiles/cpp_pubsub.dir/src/manager.cpp.o[0m
[0.095s] [  7%] [32mBuilding CXX object CMakeFiles/cpp_pubsub.dir/src/end_condition_sampler.cpp.o[0m
[0.099s] [ 11%] [32mBuilding CXX object CMakeFiles/planner.dir/src/publisher.cpp.o[0m
[0.101s] [ 18%] [32mBuilding CXX object CMakeFiles/planner.dir/src/manager.cpp.o[0m
[0.101s] [ 18%] [32mBuilding CXX object CMakeFiles/planner.dir/src/end_condition_sampler.cpp.o[0m
[0.301s] [01m[K/root/planner_ws/src/cpp_pubsub/src/end_condition_sampler.cpp:9:1:[m[K [01;31m[Kerror: [m[Kâ€˜[01m[Kvirtual[m[Kâ€™ outside class declaration
[0.301s]     9 | [01;31m[Kvirtual[m[K EndConditionSampler::~EndConditionSampler(){}
[0.301s]       | [01;31m[K^~~~~~~[m[K
[0.302s] [01m[K/root/planner_ws/src/cpp_pubsub/src/end_condition_sampler.cpp:9:1:[m[K [01;31m[Kerror: [m[Kâ€˜[01m[Kvirtual[m[Kâ€™ outside class declaration
[0.302s]     9 | [01;31m[Kvirtual[m[K EndConditionSampler::~EndConditionSampler(){}
[0.302s]       | [01;31m[K^~~~~~~[m[K
[0.312s] [01m[K/root/planner_ws/src/cpp_pubsub/src/end_condition_sampler.cpp:[m[K In member function â€˜[01m[Kstd::vector<std::pair<std::array<double, 3>, double> > EndConditionSampler::SampleLonEndConditionsForCruising(double) const[m[Kâ€™:
[0.312s] [01m[K/root/planner_ws/src/cpp_pubsub/src/end_condition_sampler.cpp:32:1:[m[K [01;35m[Kwarning: [m[Kno return statement in function returning non-void [[01;35m[K-Wreturn-type[m[K]
[0.312s]    32 | [01;35m[K}[m[K
[0.312s]       | [01;35m[K^[m[K
[0.312s] [01m[K/root/planner_ws/src/cpp_pubsub/src/end_condition_sampler.cpp:29:69:[m[K [01;35m[Kwarning: [m[Kunused parameter â€˜[01m[Kref_cruise_speed[m[Kâ€™ [[01;35m[K-Wunused-parameter[m[K]
[0.312s]    29 | EndConditionSampler::SampleLonEndConditionsForCruising([01;35m[Kconst double ref_cruise_speed[m[K) const
[0.312s]       |                                                        [01;35m[K~~~~~~~~~~~~~^~~~~~~~~~~~~~~~[m[K
[0.312s] [01m[K/root/planner_ws/src/cpp_pubsub/src/end_condition_sampler.cpp:[m[K In member function â€˜[01m[Kstd::vector<std::pair<std::array<double, 3>, double> > EndConditionSampler::SampleLonEndConditionsForStopping(double) const[m[Kâ€™:
[0.313s] [01m[K/root/planner_ws/src/cpp_pubsub/src/end_condition_sampler.cpp:38:1:[m[K [01;35m[Kwarning: [m[Kno return statement in function returning non-void [[01;35m[K-Wreturn-type[m[K]
[0.313s]    38 | [01;35m[K}[m[K
[0.313s]       | [01;35m[K^[m[K
[0.313s] [01m[K/root/planner_ws/src/cpp_pubsub/src/end_condition_sampler.cpp:35:69:[m[K [01;35m[Kwarning: [m[Kunused parameter â€˜[01m[Kref_stop_point[m[Kâ€™ [[01;35m[K-Wunused-parameter[m[K]
[0.313s]    35 | EndConditionSampler::SampleLonEndConditionsForStopping([01;35m[Kconst double ref_stop_point[m[K) const
[0.313s]       |                                                        [01;35m[K~~~~~~~~~~~~~^~~~~~~~~~~~~~[m[K
[0.313s] [01m[K/root/planner_ws/src/cpp_pubsub/src/end_condition_sampler.cpp:[m[K In member function â€˜[01m[Kstd::vector<std::pair<std::array<double, 3>, double> > EndConditionSampler::SampleLonEndConditionsForLaneChange() const[m[Kâ€™:
[0.313s] [01m[K/root/planner_ws/src/cpp_pubsub/src/end_condition_sampler.cpp:44:1:[m[K [01;35m[Kwarning: [m[Kno return statement in function returning non-void [[01;35m[K-Wreturn-type[m[K]
[0.313s]    44 | [01;35m[K}[m[K
[0.313s]       | [01;35m[K^[m[K
[0.313s] [01m[K/root/planner_ws/src/cpp_pubsub/src/end_condition_sampler.cpp:[m[K In member function â€˜[01m[Kstd::vector<std::pair<std::array<double, 3>, double> > EndConditionSampler::SampleLonEndConditionsForCruising(double) const[m[Kâ€™:
[0.314s] [01m[K/root/planner_ws/src/cpp_pubsub/src/end_condition_sampler.cpp:32:1:[m[K [01;35m[Kwarning: [m[Kno return statement in function returning non-void [[01;35m[K-Wreturn-type[m[K]
[0.314s]    32 | [01;35m[K}[m[K
[0.314s]       | [01;35m[K^[m[K
[0.314s] [01m[K/root/planner_ws/src/cpp_pubsub/src/end_condition_sampler.cpp:29:69:[m[K [01;35m[Kwarning: [m[Kunused parameter â€˜[01m[Kref_cruise_speed[m[Kâ€™ [[01;35m[K-Wunused-parameter[m[K]
[0.314s]    29 | EndConditionSampler::SampleLonEndConditionsForCruising([01;35m[Kconst double ref_cruise_speed[m[K) const
[0.314s]       |                                                        [01;35m[K~~~~~~~~~~~~~^~~~~~~~~~~~~~~~[m[K
[0.314s] [01m[K/root/planner_ws/src/cpp_pubsub/src/end_condition_sampler.cpp:[m[K In member function â€˜[01m[Kstd::vector<std::pair<std::array<double, 3>, double> > EndConditionSampler::SampleLonEndConditionsForStopping(double) const[m[Kâ€™:
[0.314s] [01m[K/root/planner_ws/src/cpp_pubsub/src/end_condition_sampler.cpp:38:1:[m[K [01;35m[Kwarning: [m[Kno return statement in function returning non-void [[01;35m[K-Wreturn-type[m[K]
[0.314s]    38 | [01;35m[K}[m[K
[0.314s]       | [01;35m[K^[m[K
[0.314s] [01m[K/root/planner_ws/src/cpp_pubsub/src/end_condition_sampler.cpp:35:69:[m[K [01;35m[Kwarning: [m[Kunused parameter â€˜[01m[Kref_stop_point[m[Kâ€™ [[01;35m[K-Wunused-parameter[m[K]
[0.315s]    35 | EndConditionSampler::SampleLonEndConditionsForStopping([01;35m[Kconst double ref_stop_point[m[K) const
[0.315s]       |                                                        [01;35m[K~~~~~~~~~~~~~^~~~~~~~~~~~~~[m[K
[0.315s] [01m[K/root/planner_ws/src/cpp_pubsub/src/end_condition_sampler.cpp:[m[K In member function â€˜[01m[Kstd::vector<std::pair<std::array<double, 3>, double> > EndConditionSampler::SampleLonEndConditionsForLaneChange() const[m[Kâ€™:
[0.315s] [01m[K/root/planner_ws/src/cpp_pubsub/src/end_condition_sampler.cpp:44:1:[m[K [01;35m[Kwarning: [m[Kno return statement in function returning non-void [[01;35m[K-Wreturn-type[m[K]
[0.315s]    44 | [01;35m[K}[m[K
[0.315s]       | [01;35m[K^[m[K
[0.370s] make[2]: *** [CMakeFiles/cpp_pubsub.dir/build.make:206: CMakeFiles/cpp_pubsub.dir/src/end_condition_sampler.cpp.o] Error 1
[0.370s] make[2]: *** Waiting for unfinished jobs....
[0.373s] make[2]: *** [CMakeFiles/planner.dir/build.make:219: CMakeFiles/planner.dir/src/end_condition_sampler.cpp.o] Error 1
[0.373s] make[2]: *** Waiting for unfinished jobs....
[1.436s] [01m[K/root/planner_ws/src/cpp_pubsub/src/manager.cpp:[m[K In constructor â€˜[01m[KManage_Planner::Manage_Planner()[m[Kâ€™:
[1.436s] [01m[K/root/planner_ws/src/cpp_pubsub/src/manager.cpp:2:32:[m[K [01;31m[Kerror: [m[Kno matching function for call to â€˜[01m[KEndConditionSampler::EndConditionSampler()[m[Kâ€™
[1.436s]     2 | Manage_Planner::Manage_Planner([01;31m[K)[m[K {}
[1.436s]       |                                [01;31m[K^[m[K
[1.436s] In file included from [01m[K/root/planner_ws/src/cpp_pubsub/include/manager.hpp:24[m[K,
[1.436s]                  from [01m[K/root/planner_ws/src/cpp_pubsub/src/manager.cpp:1[m[K:
[1.436s] [01m[K/root/planner_ws/src/cpp_pubsub/include/end_condition_sampler.hpp:15:5:[m[K [01;36m[Knote: [m[Kcandidate: â€˜[01m[KEndConditionSampler::EndConditionSampler(const std::array<double, 3>&, const std::array<double, 3>&)[m[Kâ€™
[1.436s]    15 |     [01;36m[KEndConditionSampler[m[K(
[1.436s]       |     [01;36m[K^~~~~~~~~~~~~~~~~~~[m[K
[1.436s] [01m[K/root/planner_ws/src/cpp_pubsub/include/end_condition_sampler.hpp:15:5:[m[K [01;36m[Knote: [m[K  candidate expects 2 arguments, 0 provided
[1.437s] [01m[K/root/planner_ws/src/cpp_pubsub/include/end_condition_sampler.hpp:11:7:[m[K [01;36m[Knote: [m[Kcandidate: â€˜[01m[Kconstexpr EndConditionSampler::EndConditionSampler(const EndConditionSampler&)[m[Kâ€™
[1.437s]    11 | class [01;36m[KEndConditionSampler[m[K
[1.437s]       |       [01;36m[K^~~~~~~~~~~~~~~~~~~[m[K
[1.437s] [01m[K/root/planner_ws/src/cpp_pubsub/include/end_condition_sampler.hpp:11:7:[m[K [01;36m[Knote: [m[K  candidate expects 1 argument, 0 provided
[1.454s] [01m[K/root/planner_ws/src/cpp_pubsub/src/manager.cpp:[m[K In constructor â€˜[01m[KManage_Planner::Manage_Planner()[m[Kâ€™:
[1.454s] [01m[K/root/planner_ws/src/cpp_pubsub/src/manager.cpp:2:32:[m[K [01;31m[Kerror: [m[Kno matching function for call to â€˜[01m[KEndConditionSampler::EndConditionSampler()[m[Kâ€™
[1.454s]     2 | Manage_Planner::Manage_Planner([01;31m[K)[m[K {}
[1.454s]       |                                [01;31m[K^[m[K
[1.454s] In file included from [01m[K/root/planner_ws/src/cpp_pubsub/include/manager.hpp:24[m[K,
[1.455s]                  from [01m[K/root/planner_ws/src/cpp_pubsub/src/manager.cpp:1[m[K:
[1.455s] [01m[K/root/planner_ws/src/cpp_pubsub/include/end_condition_sampler.hpp:15:5:[m[K [01;36m[Knote: [m[Kcandidate: â€˜[01m[KEndConditionSampler::EndConditionSampler(const std::array<double, 3>&, const std::array<double, 3>&)[m[Kâ€™
[1.455s]    15 |     [01;36m[KEndConditionSampler[m[K(
[1.455s]       |     [01;36m[K^~~~~~~~~~~~~~~~~~~[m[K
[1.455s] [01m[K/root/planner_ws/src/cpp_pubsub/include/end_condition_sampler.hpp:15:5:[m[K [01;36m[Knote: [m[K  candidate expects 2 arguments, 0 provided
[1.455s] [01m[K/root/planner_ws/src/cpp_pubsub/include/end_condition_sampler.hpp:11:7:[m[K [01;36m[Knote: [m[Kcandidate: â€˜[01m[Kconstexpr EndConditionSampler::EndConditionSampler(const EndConditionSampler&)[m[Kâ€™
[1.455s]    11 | class [01;36m[KEndConditionSampler[m[K
[1.455s]       |       [01;36m[K^~~~~~~~~~~~~~~~~~~[m[K
[1.455s] [01m[K/root/planner_ws/src/cpp_pubsub/include/end_condition_sampler.hpp:11:7:[m[K [01;36m[Knote: [m[K  candidate expects 1 argument, 0 provided
[1.930s] make[2]: *** [CMakeFiles/cpp_pubsub.dir/build.make:76: CMakeFiles/cpp_pubsub.dir/src/manager.cpp.o] Error 1
[1.930s] make[1]: *** [CMakeFiles/Makefile2:80: CMakeFiles/cpp_pubsub.dir/all] Error 2
[1.930s] make[1]: *** Waiting for unfinished jobs....
[1.951s] make[2]: *** [CMakeFiles/planner.dir/build.make:89: CMakeFiles/planner.dir/src/manager.cpp.o] Error 1
[3.457s] make[1]: *** [CMakeFiles/Makefile2:107: CMakeFiles/planner.dir/all] Error 2
[3.457s] make: *** [Makefile:141: all] Error 2
[3.460s] Invoked command in '/root/planner_ws/build/cpp_pubsub' returned '2': CMAKE_PREFIX_PATH=${CMAKE_PREFIX_PATH}:/opt/ros/foxy /usr/bin/cmake --build /root/planner_ws/build/cpp_pubsub -- -j12 -l12
