[01m[K/root/planner_ws/src/cpp_pubsub/src/manager.cpp:[m[K In member function â€˜[01m[Kvoid Manage_Planner::planner()[m[Kâ€™:
[01m[K/root/planner_ws/src/cpp_pubsub/src/manager.cpp:189:84:[m[K [01;31m[Kerror: [m[Kâ€˜[01m[Kstop_point[m[Kâ€™ was not declared in this scope; did you mean â€˜[01m[Kstop_point_s[m[Kâ€™?
  189 |         lon_end_conditions = endconditionsampler.SampleLonEndConditionsForStopping([01;31m[Kstop_point[m[K);
      |                                                                                    [01;31m[K^~~~~~~~~~[m[K
      |                                                                                    [32m[Kstop_point_s[m[K
[01m[K/root/planner_ws/src/cpp_pubsub/src/manager.cpp:188:16:[m[K [01;35m[Kwarning: [m[Kunused variable â€˜[01m[Kstop_point_s[m[Kâ€™ [[01;35m[K-Wunused-variable[m[K]
  188 |         double [01;35m[Kstop_point_s[m[K=10;
      |                [01;35m[K^~~~~~~~~~~~[m[K
[01m[K/root/planner_ws/src/cpp_pubsub/src/manager.cpp:[m[K In member function â€˜[01m[Kvoid Manage_Planner::planner()[m[Kâ€™:
[01m[K/root/planner_ws/src/cpp_pubsub/src/manager.cpp:189:84:[m[K [01;31m[Kerror: [m[Kâ€˜[01m[Kstop_point[m[Kâ€™ was not declared in this scope; did you mean â€˜[01m[Kstop_point_s[m[Kâ€™?
  189 |         lon_end_conditions = endconditionsampler.SampleLonEndConditionsForStopping([01;31m[Kstop_point[m[K);
      |                                                                                    [01;31m[K^~~~~~~~~~[m[K
      |                                                                                    [32m[Kstop_point_s[m[K
[01m[K/root/planner_ws/src/cpp_pubsub/src/manager.cpp:188:16:[m[K [01;35m[Kwarning: [m[Kunused variable â€˜[01m[Kstop_point_s[m[Kâ€™ [[01;35m[K-Wunused-variable[m[K]
  188 |         double [01;35m[Kstop_point_s[m[K=10;
      |                [01;35m[K^~~~~~~~~~~~[m[K
make[2]: *** [CMakeFiles/cpp_pubsub.dir/build.make:76: CMakeFiles/cpp_pubsub.dir/src/manager.cpp.o] Error 1
make[1]: *** [CMakeFiles/Makefile2:80: CMakeFiles/cpp_pubsub.dir/all] Error 2
make[1]: *** Waiting for unfinished jobs....
make[2]: *** [CMakeFiles/planner.dir/build.make:89: CMakeFiles/planner.dir/src/manager.cpp.o] Error 1
make[1]: *** [CMakeFiles/Makefile2:107: CMakeFiles/planner.dir/all] Error 2
make: *** [Makefile:141: all] Error 2
