[0.024s] Invoking command in '/root/planner_ws/build/cpp_pubsub': CMAKE_PREFIX_PATH=${CMAKE_PREFIX_PATH}:/opt/ros/foxy /usr/bin/cmake --build /root/planner_ws/build/cpp_pubsub -- -j12 -l12
[0.055s] [35m[1mScanning dependencies of target cpp_pubsub[0m
[0.055s] [35m[1mScanning dependencies of target planner[0m
[0.078s] [  3%] [32mBuilding CXX object CMakeFiles/cpp_pubsub.dir/src/manager.cpp.o[0m
[0.081s] [  7%] [32mBuilding CXX object CMakeFiles/planner.dir/src/manager.cpp.o[0m
[1.312s] [01m[K/root/planner_ws/src/cpp_pubsub/src/manager.cpp:[m[K In member function â€˜[01m[Kvoid Manage_Planner::planner()[m[Kâ€™:
[1.312s] [01m[K/root/planner_ws/src/cpp_pubsub/src/manager.cpp:189:84:[m[K [01;31m[Kerror: [m[Kâ€˜[01m[Kstop_point[m[Kâ€™ was not declared in this scope; did you mean â€˜[01m[Kstop_point_s[m[Kâ€™?
[1.312s]   189 |         lon_end_conditions = endconditionsampler.SampleLonEndConditionsForStopping([01;31m[Kstop_point[m[K);
[1.312s]       |                                                                                    [01;31m[K^~~~~~~~~~[m[K
[1.312s]       |                                                                                    [32m[Kstop_point_s[m[K
[1.312s] [01m[K/root/planner_ws/src/cpp_pubsub/src/manager.cpp:188:16:[m[K [01;35m[Kwarning: [m[Kunused variable â€˜[01m[Kstop_point_s[m[Kâ€™ [[01;35m[K-Wunused-variable[m[K]
[1.312s]   188 |         double [01;35m[Kstop_point_s[m[K=10;
[1.312s]       |                [01;35m[K^~~~~~~~~~~~[m[K
[1.314s] [01m[K/root/planner_ws/src/cpp_pubsub/src/manager.cpp:[m[K In member function â€˜[01m[Kvoid Manage_Planner::planner()[m[Kâ€™:
[1.314s] [01m[K/root/planner_ws/src/cpp_pubsub/src/manager.cpp:189:84:[m[K [01;31m[Kerror: [m[Kâ€˜[01m[Kstop_point[m[Kâ€™ was not declared in this scope; did you mean â€˜[01m[Kstop_point_s[m[Kâ€™?
[1.314s]   189 |         lon_end_conditions = endconditionsampler.SampleLonEndConditionsForStopping([01;31m[Kstop_point[m[K);
[1.314s]       |                                                                                    [01;31m[K^~~~~~~~~~[m[K
[1.314s]       |                                                                                    [32m[Kstop_point_s[m[K
[1.314s] [01m[K/root/planner_ws/src/cpp_pubsub/src/manager.cpp:188:16:[m[K [01;35m[Kwarning: [m[Kunused variable â€˜[01m[Kstop_point_s[m[Kâ€™ [[01;35m[K-Wunused-variable[m[K]
[1.315s]   188 |         double [01;35m[Kstop_point_s[m[K=10;
[1.315s]       |                [01;35m[K^~~~~~~~~~~~[m[K
[1.761s] make[2]: *** [CMakeFiles/cpp_pubsub.dir/build.make:76: CMakeFiles/cpp_pubsub.dir/src/manager.cpp.o] Error 1
[1.761s] make[1]: *** [CMakeFiles/Makefile2:80: CMakeFiles/cpp_pubsub.dir/all] Error 2
[1.761s] make[1]: *** Waiting for unfinished jobs....
[1.766s] make[2]: *** [CMakeFiles/planner.dir/build.make:89: CMakeFiles/planner.dir/src/manager.cpp.o] Error 1
[1.766s] make[1]: *** [CMakeFiles/Makefile2:107: CMakeFiles/planner.dir/all] Error 2
[1.767s] make: *** [Makefile:141: all] Error 2
[1.769s] Invoked command in '/root/planner_ws/build/cpp_pubsub' returned '2': CMAKE_PREFIX_PATH=${CMAKE_PREFIX_PATH}:/opt/ros/foxy /usr/bin/cmake --build /root/planner_ws/build/cpp_pubsub -- -j12 -l12
