[0.023s] Invoking command in '/root/planner_ws/build/cpp_pubsub': CMAKE_PREFIX_PATH=${CMAKE_PREFIX_PATH}:/opt/ros/foxy /usr/bin/cmake --build /root/planner_ws/build/cpp_pubsub -- -j12 -l12
[0.056s] [35m[1mScanning dependencies of target cpp_pubsub[0m
[0.057s] [35m[1mScanning dependencies of target planner[0m
[0.083s] [  3%] [32mBuilding CXX object CMakeFiles/cpp_pubsub.dir/src/manager.cpp.o[0m
[0.084s] [  6%] [32mBuilding CXX object CMakeFiles/cpp_pubsub.dir/src/obstacle.cpp.o[0m
[0.088s] [ 10%] [32mBuilding CXX object CMakeFiles/planner.dir/src/publisher.cpp.o[0m
[0.088s] [ 13%] [32mBuilding CXX object CMakeFiles/planner.dir/src/manager.cpp.o[0m
[0.088s] [ 17%] [32mBuilding CXX object CMakeFiles/planner.dir/src/obstacle.cpp.o[0m
[1.507s] [01m[K/root/planner_ws/src/cpp_pubsub/src/manager.cpp:[m[K In member function â€˜[01m[Kvoid Manage_Planner::planner()[m[Kâ€™:
[1.507s] [01m[K/root/planner_ws/src/cpp_pubsub/src/manager.cpp:114:31:[m[K [01;31m[Kerror: [m[Kâ€˜[01m[Kclass Obstacle[m[Kâ€™ has no member named â€˜[01m[Kget_obs[m[Kâ€™
[1.507s]   114 |     obs_static_gcs = obstacle.[01;31m[Kget_obs[m[K();
[1.507s]       |                               [01;31m[K^~~~~~~[m[K
[1.523s] [01m[K/root/planner_ws/src/cpp_pubsub/src/manager.cpp:[m[K In member function â€˜[01m[Kvoid Manage_Planner::planner()[m[Kâ€™:
[1.523s] [01m[K/root/planner_ws/src/cpp_pubsub/src/manager.cpp:114:31:[m[K [01;31m[Kerror: [m[Kâ€˜[01m[Kclass Obstacle[m[Kâ€™ has no member named â€˜[01m[Kget_obs[m[Kâ€™
[1.523s]   114 |     obs_static_gcs = obstacle.[01;31m[Kget_obs[m[K();
[1.523s]       |                               [01;31m[K^~~~~~~[m[K
[1.987s] make[2]: *** [CMakeFiles/cpp_pubsub.dir/build.make:76: CMakeFiles/cpp_pubsub.dir/src/manager.cpp.o] Error 1
[1.987s] make[1]: *** [CMakeFiles/Makefile2:80: CMakeFiles/cpp_pubsub.dir/all] Error 2
[1.987s] make[1]: *** Waiting for unfinished jobs....
[1.995s] make[2]: *** [CMakeFiles/planner.dir/build.make:89: CMakeFiles/planner.dir/src/manager.cpp.o] Error 1
[1.995s] make[2]: *** Waiting for unfinished jobs....
[3.619s] make[1]: *** [CMakeFiles/Makefile2:107: CMakeFiles/planner.dir/all] Error 2
[3.619s] make: *** [Makefile:141: all] Error 2
[3.622s] Invoked command in '/root/planner_ws/build/cpp_pubsub' returned '2': CMAKE_PREFIX_PATH=${CMAKE_PREFIX_PATH}:/opt/ros/foxy /usr/bin/cmake --build /root/planner_ws/build/cpp_pubsub -- -j12 -l12
